[ 2016-07-05T14:14:52+08:00 ] ::1 /TP/index.php/Home/Content/check_verify
INFO: [ app_begin ] --START--
INFO: Run Behavior\ReadHtmlCacheBehavior [ RunTime:0.000761s ]
INFO: [ app_begin ] --END-- [ RunTime:0.000910s ]
INFO: [ app_end ] --START--
INFO: Run Behavior\ShowPageTraceBehavior [ RunTime:0.001145s ]
INFO: [ app_end ] --END-- [ RunTime:0.001318s ]

[ 2016-07-05T14:42:55+08:00 ] ::1 /TP/index.php/Home/User/logincheck
INFO: [ app_begin ] --START--
INFO: Run Behavior\ReadHtmlCacheBehavior [ RunTime:0.001381s ]
INFO: [ app_begin ] --END-- [ RunTime:0.001562s ]
SQL: SHOW COLUMNS FROM `bbs_user` [ RunTime:0.0236s ]
SQL: SELECT * FROM `bbs_user` WHERE `user_email` = '123@qq.comy' LIMIT 1   [ RunTime:0.0300s ]
NOTIC: [8] Undefined variable: url D:\wamp\www\TP\Application\Home\Controller\UserController.class.php 第 35 行.

[ 2016-07-05T14:45:08+08:00 ] ::1 /TP/index.php/Home/Content/check_verify
INFO: [ app_begin ] --START--
INFO: Run Behavior\ReadHtmlCacheBehavior [ RunTime:0.001274s ]
INFO: [ app_begin ] --END-- [ RunTime:0.001444s ]
INFO: [ app_end ] --START--
INFO: Run Behavior\ShowPageTraceBehavior [ RunTime:0.000951s ]
INFO: [ app_end ] --END-- [ RunTime:0.001070s ]

[ 2016-07-05T14:45:14+08:00 ] ::1 /TP/index.php/Home/Content/add
ERR: 1048:Column 'topic_id' cannot be null
 [ SQL语句 ] : INSERT INTO `bbs_reply` (`reply_content`,`add_user`,`topic_id`,`add_time`) VALUES ('1233211234567','39',NULL,'1467701114')

[ 2016-07-05T14:47:40+08:00 ] ::1 /TP/index.php/Home/Content/add
ERR: 1048:Column 'topic_id' cannot be null
 [ SQL语句 ] : INSERT INTO `bbs_reply` (`reply_content`,`add_user`,`topic_id`,`add_time`) VALUES ('1233211234567555','39',NULL,'1467701260')

[ 2016-07-05T14:56:28+08:00 ] ::1 /TP/index.php/Home/Content/check_verify
INFO: [ app_begin ] --START--
INFO: Run Behavior\ReadHtmlCacheBehavior [ RunTime:0.001342s ]
INFO: [ app_begin ] --END-- [ RunTime:0.001524s ]
INFO: [ app_end ] --START--
INFO: Run Behavior\ShowPageTraceBehavior [ RunTime:0.001622s ]
INFO: [ app_end ] --END-- [ RunTime:0.001781s ]

[ 2016-07-05T14:57:08+08:00 ] ::1 /TP/index.php/Home/Content/check_verify
INFO: [ app_begin ] --START--
INFO: Run Behavior\ReadHtmlCacheBehavior [ RunTime:0.001385s ]
INFO: [ app_begin ] --END-- [ RunTime:0.001557s ]
INFO: [ app_end ] --START--
INFO: Run Behavior\ShowPageTraceBehavior [ RunTime:0.001278s ]
INFO: [ app_end ] --END-- [ RunTime:0.001437s ]

[ 2016-07-05T15:07:09+08:00 ] ::1 /TP/index.php/Home/Content/check_verify
INFO: [ app_begin ] --START--
INFO: Run Behavior\ReadHtmlCacheBehavior [ RunTime:0.001361s ]
INFO: [ app_begin ] --END-- [ RunTime:0.001532s ]
INFO: [ app_end ] --START--
INFO: Run Behavior\ShowPageTraceBehavior [ RunTime:0.001049s ]
INFO: [ app_end ] --END-- [ RunTime:0.001192s ]

[ 2016-07-05T15:07:13+08:00 ] ::1 /TP/index.php/Home/Content/check_verify
INFO: [ app_begin ] --START--
INFO: Run Behavior\ReadHtmlCacheBehavior [ RunTime:0.001356s ]
INFO: [ app_begin ] --END-- [ RunTime:0.001525s ]
INFO: [ app_end ] --START--
INFO: Run Behavior\ShowPageTraceBehavior [ RunTime:0.001237s ]
INFO: [ app_end ] --END-- [ RunTime:0.001377s ]

[ 2016-07-05T15:08:18+08:00 ] ::1 /TP/index.php/Home/Content/check_verify
INFO: [ app_begin ] --START--
INFO: Run Behavior\ReadHtmlCacheBehavior [ RunTime:0.001356s ]
INFO: [ app_begin ] --END-- [ RunTime:0.001529s ]
INFO: [ app_end ] --START--
INFO: Run Behavior\ShowPageTraceBehavior [ RunTime:0.001326s ]
INFO: [ app_end ] --END-- [ RunTime:0.001479s ]

[ 2016-07-05T15:29:44+08:00 ] ::1 /TP/index.php/Home/Content/check_verify
INFO: [ app_begin ] --START--
INFO: Run Behavior\ReadHtmlCacheBehavior [ RunTime:0.001972s ]
INFO: [ app_begin ] --END-- [ RunTime:0.002159s ]
INFO: [ app_end ] --START--
INFO: Run Behavior\ShowPageTraceBehavior [ RunTime:0.002736s ]
INFO: [ app_end ] --END-- [ RunTime:0.002993s ]

[ 2016-07-05T15:29:53+08:00 ] ::1 /TP/index.php/Home/Content/check_verify
INFO: [ app_begin ] --START--
INFO: Run Behavior\ReadHtmlCacheBehavior [ RunTime:0.001179s ]
INFO: [ app_begin ] --END-- [ RunTime:0.001372s ]
INFO: [ app_end ] --START--
INFO: Run Behavior\ShowPageTraceBehavior [ RunTime:0.001320s ]
INFO: [ app_end ] --END-- [ RunTime:0.001487s ]

