[ 2016-06-29T15:26:02+08:00 ] ::1 /TP/index.php/Home/Uploadfile/index
ERR: 无法加载控制器:Uploadfile

[ 2016-06-29T16:00:57+08:00 ] ::1 /TP/index.php/Home/UploadFile/undefinedlang/zh-cn/zh-cn.js
ERR: 非法操作:undefinedlang

[ 2016-06-29T16:00:57+08:00 ] ::1 /TP/index.php/Home/UploadFile/undefinedthemes/default/css/ueditor.css
ERR: 非法操作:undefinedthemes

[ 2016-06-29T16:15:24+08:00 ] ::1 /TP/index.php/Home/UploadFile/server.php
ERR: 非法操作:server.php

[ 2016-06-29T20:52:20+08:00 ] ::1 /TP/index.php/Home/UploadFile/server.php
ERR: 非法操作:server.php

[ 2016-06-29T21:26:36+08:00 ] ::1 /TP/index.php/Home/UploadFile/__PUBLIC__/images/public.css
ERR: 非法操作:__PUBLIC__

[ 2016-06-29T21:26:36+08:00 ] ::1 /TP/index.php/Home/UploadFile/__PUBLIC__/images/index.css
ERR: 非法操作:__PUBLIC__

[ 2016-06-29T21:26:36+08:00 ] ::1 /TP/index.php/Home/UploadFile/__PUBLIC__/images/category.css
ERR: 非法操作:__PUBLIC__

[ 2016-06-29T21:27:56+08:00 ] ::1 /TP/index.php/Home/UploadFile/__PUBLIC__/images/public.css
ERR: 非法操作:__PUBLIC__

[ 2016-06-29T21:27:56+08:00 ] ::1 /TP/index.php/Home/UploadFile/__PUBLIC__/images/category.css
ERR: 非法操作:__PUBLIC__

[ 2016-06-29T21:27:56+08:00 ] ::1 /TP/index.php/Home/UploadFile/__PUBLIC__/images/index.css
ERR: 非法操作:__PUBLIC__

[ 2016-06-29T21:28:44+08:00 ] ::1 /TP/index.php/Home/UploadFile/__PUBLIC__/images/public.css
ERR: 非法操作:__PUBLIC__

[ 2016-06-29T21:28:44+08:00 ] ::1 /TP/index.php/Home/UploadFile/__PUBLIC__/images/index.css
ERR: 非法操作:__PUBLIC__

[ 2016-06-29T21:28:44+08:00 ] ::1 /TP/index.php/Home/UploadFile/__PUBLIC__/images/category.css
ERR: 非法操作:__PUBLIC__

[ 2016-06-29T21:29:19+08:00 ] ::1 /TP/index.php/Home/UploadFile/__PUBLIC__/images/public.css
ERR: 非法操作:__PUBLIC__

[ 2016-06-29T21:29:19+08:00 ] ::1 /TP/index.php/Home/UploadFile/__PUBLIC__/images/index.css
ERR: 非法操作:__PUBLIC__

[ 2016-06-29T21:29:19+08:00 ] ::1 /TP/index.php/Home/UploadFile/__PUBLIC__/images/category.css
ERR: 非法操作:__PUBLIC__

[ 2016-06-29T21:30:01+08:00 ] ::1 /TP/index.php/Home/UploadFile/__PUBLIC__/images/public.css
ERR: 非法操作:__PUBLIC__

[ 2016-06-29T21:30:01+08:00 ] ::1 /TP/index.php/Home/UploadFile/__PUBLIC__/images/category.css
ERR: 非法操作:__PUBLIC__

[ 2016-06-29T21:30:01+08:00 ] ::1 /TP/index.php/Home/UploadFile/__PUBLIC__/images/index.css
ERR: 非法操作:__PUBLIC__

[ 2016-06-29T21:33:44+08:00 ] ::1 /TP/index.php/Home/UploadFile/__PUBLIC__/images/public.css
ERR: 非法操作:__PUBLIC__

[ 2016-06-29T21:33:44+08:00 ] ::1 /TP/index.php/Home/UploadFile/__PUBLIC__/images/index.css
ERR: 非法操作:__PUBLIC__

[ 2016-06-29T21:33:44+08:00 ] ::1 /TP/index.php/Home/UploadFile/__PUBLIC__/images/category.css
ERR: 非法操作:__PUBLIC__

[ 2016-06-29T21:34:19+08:00 ] ::1 /TP/index.php/Home/UploadFile/index
ERR: XML标签语法错误 : Array

[ 2016-06-29T21:35:35+08:00 ] ::1 /TP/index.php/Home/UploadFile/__PUBLIC__/images/public.css
ERR: 非法操作:__PUBLIC__

[ 2016-06-29T21:35:35+08:00 ] ::1 /TP/index.php/Home/UploadFile/__PUBLIC__/images/category.css
ERR: 非法操作:__PUBLIC__

[ 2016-06-29T21:35:35+08:00 ] ::1 /TP/index.php/Home/UploadFile/__PUBLIC__/images/index.css
ERR: 非法操作:__PUBLIC__

[ 2016-06-29T21:35:50+08:00 ] ::1 /TP/index.php/Home/UploadFile/__PUBLIC__/images/public.css
ERR: 非法操作:__PUBLIC__

[ 2016-06-29T21:35:50+08:00 ] ::1 /TP/index.php/Home/UploadFile/__PUBLIC__/images/category.css
ERR: 非法操作:__PUBLIC__

[ 2016-06-29T21:35:50+08:00 ] ::1 /TP/index.php/Home/UploadFile/__PUBLIC__/images/index.css
ERR: 非法操作:__PUBLIC__

[ 2016-06-29T21:36:16+08:00 ] ::1 /TP/index.php/Home/UploadFile/index
ERR: XML标签语法错误 : Array

[ 2016-06-29T21:40:26+08:00 ] ::1 /TP/index.php/Home/UploadFile/index
ERR: Think\Model:UserData方法不存在！

[ 2016-06-29T21:41:14+08:00 ] ::1 /TP/index.php/Home/UploadFile/editor_all.js
ERR: 非法操作:editor_all.js

[ 2016-06-29T21:41:14+08:00 ] ::1 /TP/index.php/Home/UploadFile/editor_config.js
ERR: 非法操作:editor_config.js

[ 2016-06-29T21:41:30+08:00 ] ::1 /TP/index.php/Home/UploadFile/editor_all.js
ERR: 非法操作:editor_all.js

[ 2016-06-29T21:41:30+08:00 ] ::1 /TP/index.php/Home/UploadFile/editor_config.js
ERR: 非法操作:editor_config.js

