[ 2016-06-30T11:29:09+08:00 ] ::1 /TP/index.php/Home/Posttopic/index
ERR: 无法加载控制器:Posttopic

[ 2016-06-30T11:29:24+08:00 ] ::1 /TP/index.php/Home/PostTopic/index
ERR: 无法加载控制器:PostTopic

[ 2016-06-30T15:08:27+08:00 ] ::1 /TP/index.php/Home/User/logincheck
INFO: [ app_begin ] --START--
INFO: Run Behavior\ReadHtmlCacheBehavior [ RunTime:0.000933s ]
INFO: [ app_begin ] --END-- [ RunTime:0.001058s ]
SQL: SHOW COLUMNS FROM `bbs_user` [ RunTime:0.0123s ]
SQL: SELECT * FROM `bbs_user` WHERE `user_email` = '123@qq.comy' LIMIT 1   [ RunTime:0.1054s ]
NOTIC: [8] Undefined variable: url D:\wamp\www\TP\Application\Home\Controller\UserController.class.php 第 35 行.

[ 2016-06-30T15:10:52+08:00 ] ::1 /TP/index.php/Home/PostTopic/add
ERR: 1146:Table 'bbs.bbs_uer' doesn't exist
 [ SQL语句 ] : SHOW COLUMNS FROM `bbs_uer`

[ 2016-06-30T15:19:54+08:00 ] ::1 /TP/index.php/Home/PostTopic/add
ERR: 1146:Table 'bbs.bbs_uer' doesn't exist
 [ SQL语句 ] : SHOW COLUMNS FROM `bbs_uer`

[ 2016-06-30T15:25:02+08:00 ] ::1 /TP/index.php/Home/PostTopic/add
ERR: 1146:Table 'bbs.bbs_uer' doesn't exist
 [ SQL语句 ] : SHOW COLUMNS FROM `bbs_uer`

[ 2016-06-30T15:25:06+08:00 ] ::1 /TP/index.php/Home/PostTopic/add
ERR: 1146:Table 'bbs.bbs_uer' doesn't exist
 [ SQL语句 ] : SHOW COLUMNS FROM `bbs_uer`

[ 2016-06-30T15:26:54+08:00 ] ::1 /TP/index.php/Home/PostTopic/add
ERR: 1146:Table 'bbs.bbs_uer' doesn't exist
 [ SQL语句 ] : SHOW COLUMNS FROM `bbs_uer`

[ 2016-06-30T15:56:56+08:00 ] ::1 /TP/index.php/Home/User/logincheck
INFO: [ app_begin ] --START--
INFO: Run Behavior\ReadHtmlCacheBehavior [ RunTime:0.000990s ]
INFO: [ app_begin ] --END-- [ RunTime:0.001137s ]
SQL: SHOW COLUMNS FROM `bbs_user` [ RunTime:0.0373s ]
SQL: SELECT * FROM `bbs_user` WHERE `user_email` = '123@qq.comy' LIMIT 1   [ RunTime:0.0248s ]
NOTIC: [8] Undefined variable: url D:\wamp\www\TP\Application\Home\Controller\UserController.class.php 第 35 行.

[ 2016-06-30T15:57:06+08:00 ] ::1 /TP/index.php/Home/PostTopic/add
ERR: 1146:Table 'bbs.bbs_uer' doesn't exist
 [ SQL语句 ] : SHOW COLUMNS FROM `bbs_uer`

[ 2016-06-30T15:58:03+08:00 ] ::1 /TP/index.php/Home/PostTopic/add
ERR: 1146:Table 'bbs.bbs_uer' doesn't exist
 [ SQL语句 ] : SHOW COLUMNS FROM `bbs_uer`

[ 2016-06-30T16:02:53+08:00 ] ::1 /TP/index.php/Home/PostTopic/add
ERR: 1048:Column 'add_user' cannot be null
 [ SQL语句 ] : INSERT INTO `bbs_topic` (`content`,`title`,`add_user`,`category_id`,`add_time`) VALUES ('&lt;p&gt;
					这里写你的初始化内容				&lt;/p&gt;','2323',NULL,'0','1467273773')

[ 2016-06-30T16:03:08+08:00 ] ::1 /TP/index.php/Home/PostTopic/add
ERR: 1048:Column 'add_user' cannot be null
 [ SQL语句 ] : INSERT INTO `bbs_topic` (`content`,`title`,`add_user`,`category_id`,`add_time`) VALUES ('&lt;p&gt;
					这里写你的初始化内容				&lt;/p&gt;','1212',NULL,'0','1467273788')

[ 2016-06-30T17:20:39+08:00 ] ::1 /TP/index.php/Home/Content/index
ERR: 无法加载控制器:Content

[ 2016-06-30T21:45:13+08:00 ] ::1 /TP/index.php/Home/Content/check_verify
INFO: [ app_begin ] --START--
INFO: Run Behavior\ReadHtmlCacheBehavior [ RunTime:0.001998s ]
INFO: [ app_begin ] --END-- [ RunTime:0.002135s ]
INFO: [ app_end ] --START--
INFO: Run Behavior\ShowPageTraceBehavior [ RunTime:0.000834s ]
INFO: [ app_end ] --END-- [ RunTime:0.000969s ]

[ 2016-06-30T21:45:24+08:00 ] ::1 /TP/index.php/Home/Content/check_verify
INFO: [ app_begin ] --START--
INFO: Run Behavior\ReadHtmlCacheBehavior [ RunTime:0.000990s ]
INFO: [ app_begin ] --END-- [ RunTime:0.001143s ]
INFO: [ app_end ] --START--
INFO: Run Behavior\ShowPageTraceBehavior [ RunTime:0.001250s ]
INFO: [ app_end ] --END-- [ RunTime:0.001407s ]

[ 2016-06-30T21:45:30+08:00 ] ::1 /TP/index.php/Home/Content/check_verify
INFO: [ app_begin ] --START--
INFO: Run Behavior\ReadHtmlCacheBehavior [ RunTime:0.001262s ]
INFO: [ app_begin ] --END-- [ RunTime:0.001429s ]
INFO: [ app_end ] --START--
INFO: Run Behavior\ShowPageTraceBehavior [ RunTime:0.001278s ]
INFO: [ app_end ] --END-- [ RunTime:0.001428s ]

[ 2016-06-30T21:45:47+08:00 ] ::1 /TP/index.php/Home/Content/check_verify
INFO: [ app_begin ] --START--
INFO: Run Behavior\ReadHtmlCacheBehavior [ RunTime:0.001614s ]
INFO: [ app_begin ] --END-- [ RunTime:0.001952s ]
INFO: [ app_end ] --START--
INFO: Run Behavior\ShowPageTraceBehavior [ RunTime:0.000987s ]
INFO: [ app_end ] --END-- [ RunTime:0.001093s ]

[ 2016-06-30T21:45:56+08:00 ] ::1 /TP/index.php/Home/Content/check_verify
INFO: [ app_begin ] --START--
INFO: Run Behavior\ReadHtmlCacheBehavior [ RunTime:0.001293s ]
INFO: [ app_begin ] --END-- [ RunTime:0.001470s ]
INFO: [ app_end ] --START--
INFO: Run Behavior\ShowPageTraceBehavior [ RunTime:0.002319s ]
INFO: [ app_end ] --END-- [ RunTime:0.002745s ]

[ 2016-06-30T21:46:05+08:00 ] ::1 /TP/index.php/Home/Content/check_verify
INFO: [ app_begin ] --START--
INFO: Run Behavior\ReadHtmlCacheBehavior [ RunTime:0.001152s ]
INFO: [ app_begin ] --END-- [ RunTime:0.001320s ]
INFO: [ app_end ] --START--
INFO: Run Behavior\ShowPageTraceBehavior [ RunTime:0.001753s ]
INFO: [ app_end ] --END-- [ RunTime:0.001891s ]

[ 2016-06-30T21:46:54+08:00 ] ::1 /TP/index.php/Home/Content/check_verify
INFO: [ app_begin ] --START--
INFO: Run Behavior\ReadHtmlCacheBehavior [ RunTime:0.001219s ]
INFO: [ app_begin ] --END-- [ RunTime:0.001400s ]
INFO: [ app_end ] --START--
INFO: Run Behavior\ShowPageTraceBehavior [ RunTime:0.001336s ]
INFO: [ app_end ] --END-- [ RunTime:0.001514s ]

[ 2016-06-30T21:47:03+08:00 ] ::1 /TP/index.php/Home/Content/check_verify
INFO: [ app_begin ] --START--
INFO: Run Behavior\ReadHtmlCacheBehavior [ RunTime:0.000869s ]
INFO: [ app_begin ] --END-- [ RunTime:0.000994s ]
INFO: [ app_end ] --START--
INFO: Run Behavior\ShowPageTraceBehavior [ RunTime:0.001679s ]
INFO: [ app_end ] --END-- [ RunTime:0.002124s ]

[ 2016-06-30T21:48:39+08:00 ] ::1 /TP/index.php/Home/Content/check_verify
INFO: [ app_begin ] --START--
INFO: Run Behavior\ReadHtmlCacheBehavior [ RunTime:0.001532s ]
INFO: [ app_begin ] --END-- [ RunTime:0.001710s ]
INFO: [ app_end ] --START--
INFO: Run Behavior\ShowPageTraceBehavior [ RunTime:0.001155s ]
INFO: [ app_end ] --END-- [ RunTime:0.001302s ]

[ 2016-06-30T21:49:57+08:00 ] ::1 /TP/index.php/Home/Content/check_verify
INFO: [ app_begin ] --START--
INFO: Run Behavior\ReadHtmlCacheBehavior [ RunTime:0.001384s ]
INFO: [ app_begin ] --END-- [ RunTime:0.001559s ]
INFO: [ app_end ] --START--
INFO: Run Behavior\ShowPageTraceBehavior [ RunTime:0.001586s ]
INFO: [ app_end ] --END-- [ RunTime:0.001722s ]

[ 2016-06-30T21:50:09+08:00 ] ::1 /TP/index.php/Home/Content/check_verify
INFO: [ app_begin ] --START--
INFO: Run Behavior\ReadHtmlCacheBehavior [ RunTime:0.001266s ]
INFO: [ app_begin ] --END-- [ RunTime:0.001411s ]
INFO: [ app_end ] --START--
INFO: Run Behavior\ShowPageTraceBehavior [ RunTime:0.000855s ]
INFO: [ app_end ] --END-- [ RunTime:0.000949s ]

[ 2016-06-30T21:50:36+08:00 ] ::1 /TP/index.php/Home/Content/check_verify
INFO: [ app_begin ] --START--
INFO: Run Behavior\ReadHtmlCacheBehavior [ RunTime:0.001014s ]
INFO: [ app_begin ] --END-- [ RunTime:0.001143s ]
INFO: [ app_end ] --START--
INFO: Run Behavior\ShowPageTraceBehavior [ RunTime:0.000931s ]
INFO: [ app_end ] --END-- [ RunTime:0.001040s ]

[ 2016-06-30T21:50:40+08:00 ] ::1 /TP/index.php/Home/Content/check_verify
INFO: [ app_begin ] --START--
INFO: Run Behavior\ReadHtmlCacheBehavior [ RunTime:0.001352s ]
INFO: [ app_begin ] --END-- [ RunTime:0.001520s ]
INFO: [ app_end ] --START--
INFO: Run Behavior\ShowPageTraceBehavior [ RunTime:0.002225s ]
INFO: [ app_end ] --END-- [ RunTime:0.002578s ]

[ 2016-06-30T21:50:47+08:00 ] ::1 /TP/index.php/Home/Content/check_verify
INFO: [ app_begin ] --START--
INFO: Run Behavior\ReadHtmlCacheBehavior [ RunTime:0.001837s ]
INFO: [ app_begin ] --END-- [ RunTime:0.002018s ]
INFO: [ app_end ] --START--
INFO: Run Behavior\ShowPageTraceBehavior [ RunTime:0.001189s ]
INFO: [ app_end ] --END-- [ RunTime:0.001356s ]

[ 2016-06-30T21:51:54+08:00 ] ::1 /TP/index.php/Home/Content/check_verify
INFO: [ app_begin ] --START--
INFO: Run Behavior\ReadHtmlCacheBehavior [ RunTime:0.001254s ]
INFO: [ app_begin ] --END-- [ RunTime:0.001423s ]
INFO: [ app_end ] --START--
INFO: Run Behavior\ShowPageTraceBehavior [ RunTime:0.001338s ]
INFO: [ app_end ] --END-- [ RunTime:0.001507s ]

[ 2016-06-30T21:52:09+08:00 ] ::1 /TP/index.php/Home/Content/check_verify
INFO: [ app_begin ] --START--
INFO: Run Behavior\ReadHtmlCacheBehavior [ RunTime:0.000804s ]
INFO: [ app_begin ] --END-- [ RunTime:0.000939s ]
INFO: [ app_end ] --START--
INFO: Run Behavior\ShowPageTraceBehavior [ RunTime:0.001254s ]
INFO: [ app_end ] --END-- [ RunTime:0.001405s ]

[ 2016-06-30T21:52:55+08:00 ] ::1 /TP/index.php/Home/Content/check_verify
INFO: [ app_begin ] --START--
INFO: Run Behavior\ReadHtmlCacheBehavior [ RunTime:0.000879s ]
INFO: [ app_begin ] --END-- [ RunTime:0.001017s ]
INFO: [ app_end ] --START--
INFO: Run Behavior\ShowPageTraceBehavior [ RunTime:0.001458s ]
INFO: [ app_end ] --END-- [ RunTime:0.001622s ]

[ 2016-06-30T21:54:05+08:00 ] ::1 /TP/index.php/Home/Content/check_verify
INFO: [ app_begin ] --START--
INFO: Run Behavior\ReadHtmlCacheBehavior [ RunTime:0.001078s ]
INFO: [ app_begin ] --END-- [ RunTime:0.001209s ]
INFO: [ app_end ] --START--
INFO: Run Behavior\ShowPageTraceBehavior [ RunTime:0.001345s ]
INFO: [ app_end ] --END-- [ RunTime:0.001514s ]

[ 2016-06-30T21:54:57+08:00 ] ::1 /TP/index.php/Home/Content/check_verify
INFO: [ app_begin ] --START--
INFO: Run Behavior\ReadHtmlCacheBehavior [ RunTime:0.001431s ]
INFO: [ app_begin ] --END-- [ RunTime:0.001611s ]
INFO: [ app_end ] --START--
INFO: Run Behavior\ShowPageTraceBehavior [ RunTime:0.001640s ]
INFO: [ app_end ] --END-- [ RunTime:0.001826s ]

[ 2016-06-30T21:55:05+08:00 ] ::1 /TP/index.php/Home/Content/check_verify
INFO: [ app_begin ] --START--
INFO: Run Behavior\ReadHtmlCacheBehavior [ RunTime:0.003938s ]
INFO: [ app_begin ] --END-- [ RunTime:0.004159s ]
INFO: [ app_end ] --START--
INFO: Run Behavior\ShowPageTraceBehavior [ RunTime:0.011895s ]
INFO: [ app_end ] --END-- [ RunTime:0.012067s ]

[ 2016-06-30T21:56:41+08:00 ] ::1 /TP/index.php/Home/Content/check_verify
INFO: [ app_begin ] --START--
INFO: Run Behavior\ReadHtmlCacheBehavior [ RunTime:0.001025s ]
INFO: [ app_begin ] --END-- [ RunTime:0.001166s ]
INFO: [ app_end ] --START--
INFO: Run Behavior\ShowPageTraceBehavior [ RunTime:0.001592s ]
INFO: [ app_end ] --END-- [ RunTime:0.001790s ]

[ 2016-06-30T21:56:45+08:00 ] ::1 /TP/index.php/Home/Content/check_verify
INFO: [ app_begin ] --START--
INFO: Run Behavior\ReadHtmlCacheBehavior [ RunTime:0.001358s ]
INFO: [ app_begin ] --END-- [ RunTime:0.001564s ]
INFO: [ app_end ] --START--
INFO: Run Behavior\ShowPageTraceBehavior [ RunTime:0.001966s ]
INFO: [ app_end ] --END-- [ RunTime:0.002131s ]

[ 2016-06-30T21:59:18+08:00 ] ::1 /TP/index.php/Home/Content/check_verify
INFO: [ app_begin ] --START--
INFO: Run Behavior\ReadHtmlCacheBehavior [ RunTime:0.001753s ]
INFO: [ app_begin ] --END-- [ RunTime:0.001986s ]
INFO: [ app_end ] --START--
INFO: Run Behavior\ShowPageTraceBehavior [ RunTime:0.001651s ]
INFO: [ app_end ] --END-- [ RunTime:0.001818s ]

[ 2016-06-30T21:59:21+08:00 ] ::1 /TP/index.php/Home/Content/check_verify
INFO: [ app_begin ] --START--
INFO: Run Behavior\ReadHtmlCacheBehavior [ RunTime:0.001395s ]
INFO: [ app_begin ] --END-- [ RunTime:0.001626s ]
INFO: [ app_end ] --START--
INFO: Run Behavior\ShowPageTraceBehavior [ RunTime:0.001023s ]
INFO: [ app_end ] --END-- [ RunTime:0.001142s ]

[ 2016-06-30T22:00:11+08:00 ] ::1 /TP/index.php/Home/Content/check_verify
INFO: [ app_begin ] --START--
INFO: Run Behavior\ReadHtmlCacheBehavior [ RunTime:0.003474s ]
INFO: [ app_begin ] --END-- [ RunTime:0.003697s ]
INFO: [ app_end ] --START--
INFO: Run Behavior\ShowPageTraceBehavior [ RunTime:0.001435s ]
INFO: [ app_end ] --END-- [ RunTime:0.001571s ]

[ 2016-06-30T22:00:41+08:00 ] ::1 /TP/index.php/Home/Content/check_verify
INFO: [ app_begin ] --START--
INFO: Run Behavior\ReadHtmlCacheBehavior [ RunTime:0.000939s ]
INFO: [ app_begin ] --END-- [ RunTime:0.001062s ]
INFO: [ app_end ] --START--
INFO: Run Behavior\ShowPageTraceBehavior [ RunTime:0.001435s ]
INFO: [ app_end ] --END-- [ RunTime:0.001614s ]

[ 2016-06-30T22:00:46+08:00 ] ::1 /TP/index.php/Home/Content/check_verify
INFO: [ app_begin ] --START--
INFO: Run Behavior\ReadHtmlCacheBehavior [ RunTime:0.000973s ]
INFO: [ app_begin ] --END-- [ RunTime:0.001107s ]
INFO: [ app_end ] --START--
INFO: Run Behavior\ShowPageTraceBehavior [ RunTime:0.001239s ]
INFO: [ app_end ] --END-- [ RunTime:0.001392s ]

[ 2016-06-30T22:01:10+08:00 ] ::1 /TP/index.php/Home/Content/check_verify
INFO: [ app_begin ] --START--
INFO: Run Behavior\ReadHtmlCacheBehavior [ RunTime:0.001366s ]
INFO: [ app_begin ] --END-- [ RunTime:0.001557s ]
INFO: [ app_end ] --START--
INFO: Run Behavior\ShowPageTraceBehavior [ RunTime:0.001414s ]
INFO: [ app_end ] --END-- [ RunTime:0.001655s ]

[ 2016-06-30T22:01:26+08:00 ] ::1 /TP/index.php/Home/Content/check_verify
INFO: [ app_begin ] --START--
INFO: Run Behavior\ReadHtmlCacheBehavior [ RunTime:0.002126s ]
INFO: [ app_begin ] --END-- [ RunTime:0.002437s ]
INFO: [ app_end ] --START--
INFO: Run Behavior\ShowPageTraceBehavior [ RunTime:0.001876s ]
INFO: [ app_end ] --END-- [ RunTime:0.002063s ]

[ 2016-06-30T22:01:38+08:00 ] ::1 /TP/index.php/Home/Content/check_verify
INFO: [ app_begin ] --START--
INFO: Run Behavior\ReadHtmlCacheBehavior [ RunTime:0.001998s ]
INFO: [ app_begin ] --END-- [ RunTime:0.002321s ]
INFO: [ app_end ] --START--
INFO: Run Behavior\ShowPageTraceBehavior [ RunTime:0.000966s ]
INFO: [ app_end ] --END-- [ RunTime:0.001074s ]

[ 2016-06-30T22:05:04+08:00 ] ::1 /TP/index.php/Home/Content/check_verify
INFO: [ app_begin ] --START--
INFO: Run Behavior\ReadHtmlCacheBehavior [ RunTime:0.001241s ]
INFO: [ app_begin ] --END-- [ RunTime:0.001408s ]
INFO: [ app_end ] --START--
INFO: Run Behavior\ShowPageTraceBehavior [ RunTime:0.002201s ]
INFO: [ app_end ] --END-- [ RunTime:0.002425s ]

[ 2016-06-30T22:05:09+08:00 ] ::1 /TP/index.php/Home/Content/check_verify
INFO: [ app_begin ] --START--
INFO: Run Behavior\ReadHtmlCacheBehavior [ RunTime:0.001484s ]
INFO: [ app_begin ] --END-- [ RunTime:0.001652s ]
INFO: [ app_end ] --START--
INFO: Run Behavior\ShowPageTraceBehavior [ RunTime:0.001218s ]
INFO: [ app_end ] --END-- [ RunTime:0.001405s ]

